[2020-10-14 23:14:01.089] [exthost] [info] extension host started
[2020-10-14 23:14:01.298] [exthost] [info] ExtensionService#_doActivateExtension vscode.microsoft-authentication {"startup":false,"extensionId":{"value":"vscode.microsoft-authentication","_lower":"vscode.microsoft-authentication"},"activationEvent":"onAuthenticationRequest:microsoft"}
[2020-10-14 23:14:01.298] [exthost] [info] ExtensionService#loadCommonJSModule file:///snap/code/48/usr/share/code/resources/app/extensions/microsoft-authentication/dist/extension.js
[2020-10-14 23:14:01.428] [exthost] [info] ExtensionService#_doActivateExtension ms-vscode.js-debug {"startup":false,"extensionId":{"value":"ms-vscode.js-debug","_lower":"ms-vscode.js-debug"},"activationEvent":"onDebugDynamicConfigurations"}
[2020-10-14 23:14:01.436] [exthost] [info] ExtensionService#loadCommonJSModule file:///snap/code/48/usr/share/code/resources/app/extensions/ms-vscode.js-debug/src/extension.js
[2020-10-14 23:14:02.426] [exthost] [info] ExtensionService#_doActivateExtension vscode.debug-auto-launch {"startup":true,"extensionId":{"value":"vscode.debug-auto-launch","_lower":"vscode.debug-auto-launch"},"activationEvent":"*"}
[2020-10-14 23:14:02.427] [exthost] [info] ExtensionService#loadCommonJSModule file:///snap/code/48/usr/share/code/resources/app/extensions/debug-auto-launch/dist/extension
[2020-10-14 23:14:02.625] [exthost] [info] ExtensionService#_doActivateExtension vscode.emmet {"startup":true,"extensionId":{"value":"vscode.emmet","_lower":"vscode.emmet"},"activationEvent":"*"}
[2020-10-14 23:14:02.625] [exthost] [info] ExtensionService#loadCommonJSModule file:///snap/code/48/usr/share/code/resources/app/extensions/emmet/dist/node/emmetNodeMain
[2020-10-14 23:14:02.685] [exthost] [info] ExtensionService#_doActivateExtension vscode.git {"startup":true,"extensionId":{"value":"vscode.github","_lower":"vscode.github"},"activationEvent":"*"}
[2020-10-14 23:14:02.685] [exthost] [info] ExtensionService#loadCommonJSModule file:///snap/code/48/usr/share/code/resources/app/extensions/git/dist/main
[2020-10-14 23:14:02.887] [exthost] [info] ExtensionService#_doActivateExtension vscode.merge-conflict {"startup":true,"extensionId":{"value":"vscode.merge-conflict","_lower":"vscode.merge-conflict"},"activationEvent":"*"}
[2020-10-14 23:14:02.887] [exthost] [info] ExtensionService#loadCommonJSModule file:///snap/code/48/usr/share/code/resources/app/extensions/merge-conflict/dist/mergeConflictMain
[2020-10-14 23:14:02.925] [exthost] [info] ExtensionService#_doActivateExtension vscode.search-result {"startup":true,"extensionId":{"value":"vscode.search-result","_lower":"vscode.search-result"},"activationEvent":"*"}
[2020-10-14 23:14:02.925] [exthost] [info] ExtensionService#loadCommonJSModule file:///snap/code/48/usr/share/code/resources/app/extensions/search-result/dist/extension.js
[2020-10-14 23:14:03.230] [exthost] [info] ExtensionService#_doActivateExtension vscode.github-authentication {"startup":false,"extensionId":{"value":"vscode.github-authentication","_lower":"vscode.github-authentication"},"activationEvent":"onAuthenticationRequest:github"}
[2020-10-14 23:14:03.231] [exthost] [info] ExtensionService#loadCommonJSModule file:///snap/code/48/usr/share/code/resources/app/extensions/github-authentication/dist/extension.js
[2020-10-14 23:14:03.800] [exthost] [info] ExtensionService#_doActivateExtension vscode.github {"startup":true,"extensionId":{"value":"vscode.github","_lower":"vscode.github"},"activationEvent":"*"}
[2020-10-14 23:14:03.804] [exthost] [info] ExtensionService#loadCommonJSModule file:///snap/code/48/usr/share/code/resources/app/extensions/github/dist/extension.js
[2020-10-14 23:14:03.818] [exthost] [info] eager extensions activated
[2020-10-14 23:14:11.914] [exthost] [info] ExtensionService#_doActivateExtension vscode.configuration-editing {"startup":false,"extensionId":{"value":"vscode.configuration-editing","_lower":"vscode.configuration-editing"},"activationEvent":"onLanguage:jsonc"}
[2020-10-14 23:14:11.915] [exthost] [info] ExtensionService#loadCommonJSModule file:///snap/code/48/usr/share/code/resources/app/extensions/configuration-editing/dist/configurationEditingMain
[2020-10-14 23:14:11.928] [exthost] [info] ExtensionService#_doActivateExtension vscode.json-language-features {"startup":false,"extensionId":{"value":"vscode.json-language-features","_lower":"vscode.json-language-features"},"activationEvent":"onLanguage:jsonc"}
[2020-10-14 23:14:11.928] [exthost] [info] ExtensionService#loadCommonJSModule file:///snap/code/48/usr/share/code/resources/app/extensions/json-language-features/client/dist/node/jsonClientMain
[2020-10-14 23:14:11.998] [exthost] [info] ExtensionService#_doActivateExtension vscode.typescript-language-features {"startup":false,"extensionId":{"value":"vscode.typescript-language-features","_lower":"vscode.typescript-language-features"},"activationEvent":"onLanguage:jsonc"}
[2020-10-14 23:14:11.999] [exthost] [info] ExtensionService#loadCommonJSModule file:///snap/code/48/usr/share/code/resources/app/extensions/typescript-language-features/dist/extension
[2020-10-14 23:14:31.481] [exthost] [info] ExtensionService#_doActivateExtension donjayamanne.githistory {"startup":false,"extensionId":{"value":"donjayamanne.githistory","_lower":"donjayamanne.githistory"},"activationEvent":"*"}
[2020-10-14 23:14:31.482] [exthost] [info] ExtensionService#loadCommonJSModule file:///root/.vscode/extensions/donjayamanne.githistory-0.6.12/dist/src/extension
[2020-10-14 23:15:12.476] [exthost] [info] ExtensionService#_doActivateExtension alefragnani.project-manager {"startup":false,"extensionId":{"value":"alefragnani.project-manager","_lower":"alefragnani.project-manager"},"activationEvent":"*"}
[2020-10-14 23:15:12.476] [exthost] [info] ExtensionService#loadCommonJSModule file:///root/.vscode/extensions/alefragnani.project-manager-11.3.0/dist/extension
[2020-10-14 23:15:13.517] [exthost] [info] ExtensionService#_doActivateExtension eamodio.gitlens {"startup":false,"extensionId":{"value":"eamodio.gitlens","_lower":"eamodio.gitlens"},"activationEvent":"*"}
[2020-10-14 23:15:13.518] [exthost] [info] ExtensionService#loadCommonJSModule file:///root/.vscode/extensions/eamodio.gitlens-10.2.2/dist/extension
[2020-10-14 23:15:14.429] [exthost] [info] ExtensionService#_doActivateExtension vscode.html-language-features {"startup":false,"extensionId":{"value":"vscode.html-language-features","_lower":"vscode.html-language-features"},"activationEvent":"onLanguage:html"}
[2020-10-14 23:15:14.429] [exthost] [info] ExtensionService#loadCommonJSModule file:///snap/code/48/usr/share/code/resources/app/extensions/html-language-features/client/dist/node/htmlClientMain
